{"/Users/sumit.ahuja/Library/CloudStorage/OneDrive-Avalara/Documents/PromptWars/promptwars/backend/server.js": {"path":"/Users/sumit.ahuja/Library/CloudStorage/OneDrive-Avalara/Documents/PromptWars/promptwars/backend/server.js","statementMap":{"0":{"start":{"line":1,"column":16},"end":{"line":1,"column":34}},"1":{"start":{"line":2,"column":13},"end":{"line":2,"column":28}},"2":{"start":{"line":3,"column":13},"end":{"line":3,"column":28}},"3":{"start":{"line":4,"column":15},"end":{"line":4,"column":32}},"4":{"start":{"line":5,"column":18},"end":{"line":5,"column":47}},"5":{"start":{"line":6,"column":20},"end":{"line":6,"column":42}},"6":{"start":{"line":7,"column":0},"end":{"line":7,"column":68}},"7":{"start":{"line":9,"column":18},"end":{"line":9,"column":41}},"8":{"start":{"line":10,"column":21},"end":{"line":10,"column":60}},"9":{"start":{"line":12,"column":12},"end":{"line":12,"column":21}},"10":{"start":{"line":13,"column":13},"end":{"line":13,"column":37}},"11":{"start":{"line":20,"column":0},"end":{"line":33,"column":1}},"12":{"start":{"line":21,"column":4},"end":{"line":32,"column":7}},"13":{"start":{"line":22,"column":22},"end":{"line":22,"column":32}},"14":{"start":{"line":23,"column":8},"end":{"line":30,"column":11}},"15":{"start":{"line":24,"column":23},"end":{"line":24,"column":41}},"16":{"start":{"line":25,"column":12},"end":{"line":29,"column":16}},"17":{"start":{"line":31,"column":8},"end":{"line":31,"column":15}},"18":{"start":{"line":36,"column":0},"end":{"line":36,"column":18}},"19":{"start":{"line":37,"column":0},"end":{"line":45,"column":4}},"20":{"start":{"line":48,"column":0},"end":{"line":48,"column":23}},"21":{"start":{"line":51,"column":20},"end":{"line":55,"column":1}},"22":{"start":{"line":56,"column":0},"end":{"line":56,"column":27}},"23":{"start":{"line":59,"column":0},"end":{"line":59,"column":40}},"24":{"start":{"line":60,"column":0},"end":{"line":60,"column":62}},"25":{"start":{"line":63,"column":24},"end":{"line":63,"column":104}},"26":{"start":{"line":64,"column":19},"end":{"line":64,"column":90}},"27":{"start":{"line":65,"column":16},"end":{"line":71,"column":2}},"28":{"start":{"line":72,"column":0},"end":{"line":72,"column":25}},"29":{"start":{"line":79,"column":0},"end":{"line":79,"column":61}},"30":{"start":{"line":82,"column":0},"end":{"line":82,"column":27}},"31":{"start":{"line":85,"column":0},"end":{"line":90,"column":3}},"32":{"start":{"line":86,"column":18},"end":{"line":86,"column":68}},"33":{"start":{"line":87,"column":4},"end":{"line":87,"column":27}},"34":{"start":{"line":88,"column":4},"end":{"line":88,"column":31}},"35":{"start":{"line":89,"column":4},"end":{"line":89,"column":16}},"36":{"start":{"line":95,"column":0},"end":{"line":95,"column":22}},"37":{"start":{"line":99,"column":0},"end":{"line":102,"column":1}},"38":{"start":{"line":100,"column":4},"end":{"line":100,"column":132}},"39":{"start":{"line":101,"column":4},"end":{"line":101,"column":20}},"40":{"start":{"line":105,"column":0},"end":{"line":109,"column":1}},"41":{"start":{"line":106,"column":4},"end":{"line":108,"column":7}},"42":{"start":{"line":107,"column":8},"end":{"line":107,"column":124}},"43":{"start":{"line":111,"column":0},"end":{"line":111,"column":21}}},"fnMap":{"0":{"name":"(anonymous_0)","decl":{"start":{"line":21,"column":12},"end":{"line":21,"column":13}},"loc":{"start":{"line":21,"column":32},"end":{"line":32,"column":5}},"line":21},"1":{"name":"(anonymous_1)","decl":{"start":{"line":23,"column":25},"end":{"line":23,"column":26}},"loc":{"start":{"line":23,"column":31},"end":{"line":30,"column":9}},"line":23},"2":{"name":"(anonymous_2)","decl":{"start":{"line":85,"column":8},"end":{"line":85,"column":9}},"loc":{"start":{"line":85,"column":28},"end":{"line":90,"column":1}},"line":85},"3":{"name":"(anonymous_3)","decl":{"start":{"line":106,"column":21},"end":{"line":106,"column":22}},"loc":{"start":{"line":106,"column":27},"end":{"line":108,"column":5}},"line":106}},"branchMap":{"0":{"loc":{"start":{"line":13,"column":13},"end":{"line":13,"column":37}},"type":"binary-expr","locations":[{"start":{"line":13,"column":13},"end":{"line":13,"column":29}},{"start":{"line":13,"column":33},"end":{"line":13,"column":37}}],"line":13},"1":{"loc":{"start":{"line":20,"column":0},"end":{"line":33,"column":1}},"type":"if","locations":[{"start":{"line":20,"column":0},"end":{"line":33,"column":1}},{"start":{},"end":{}}],"line":20},"2":{"loc":{"start":{"line":26,"column":26},"end":{"line":26,"column":102}},"type":"cond-expr","locations":[{"start":{"line":26,"column":50},"end":{"line":26,"column":57}},{"start":{"line":26,"column":60},"end":{"line":26,"column":102}}],"line":26},"3":{"loc":{"start":{"line":26,"column":60},"end":{"line":26,"column":102}},"type":"cond-expr","locations":[{"start":{"line":26,"column":84},"end":{"line":26,"column":93}},{"start":{"line":26,"column":96},"end":{"line":26,"column":102}}],"line":26},"4":{"loc":{"start":{"line":52,"column":12},"end":{"line":52,"column":42}},"type":"binary-expr","locations":[{"start":{"line":52,"column":12},"end":{"line":52,"column":35}},{"start":{"line":52,"column":39},"end":{"line":52,"column":42}}],"line":52},"5":{"loc":{"start":{"line":63,"column":24},"end":{"line":63,"column":104}},"type":"cond-expr","locations":[{"start":{"line":63,"column":52},"end":{"line":63,"column":87}},{"start":{"line":63,"column":90},"end":{"line":63,"column":104}}],"line":63},"6":{"loc":{"start":{"line":64,"column":19},"end":{"line":64,"column":90}},"type":"cond-expr","locations":[{"start":{"line":64,"column":48},"end":{"line":64,"column":84}},{"start":{"line":64,"column":87},"end":{"line":64,"column":90}}],"line":64},"7":{"loc":{"start":{"line":99,"column":0},"end":{"line":102,"column":1}},"type":"if","locations":[{"start":{"line":99,"column":0},"end":{"line":102,"column":1}},{"start":{},"end":{}}],"line":99},"8":{"loc":{"start":{"line":99,"column":4},"end":{"line":99,"column":66}},"type":"binary-expr","locations":[{"start":{"line":99,"column":4},"end":{"line":99,"column":31}},{"start":{"line":99,"column":35},"end":{"line":99,"column":66}}],"line":99},"9":{"loc":{"start":{"line":105,"column":0},"end":{"line":109,"column":1}},"type":"if","locations":[{"start":{"line":105,"column":0},"end":{"line":109,"column":1}},{"start":{},"end":{}}],"line":105}},"s":{"0":1,"1":1,"2":1,"3":1,"4":1,"5":1,"6":1,"7":1,"8":1,"9":1,"10":1,"11":1,"12":0,"13":0,"14":0,"15":0,"16":0,"17":0,"18":1,"19":1,"20":1,"21":1,"22":1,"23":1,"24":1,"25":1,"26":1,"27":1,"28":1,"29":1,"30":1,"31":1,"32":0,"33":0,"34":0,"35":0,"36":1,"37":1,"38":0,"39":0,"40":1,"41":0,"42":0,"43":1},"f":{"0":0,"1":0,"2":0,"3":0},"b":{"0":[1,1],"1":[0,1],"2":[0,0],"3":[0,0],"4":[1,1],"5":[0,1],"6":[0,1],"7":[0,1],"8":[1,1],"9":[0,1]},"_coverageSchema":"1a1c01bbd47fc00a2c39e90264f33305004495a9","hash":"e211a1ed4a2afc5b37f11d0a0fb359c07a7b3e74"}
,"/Users/sumit.ahuja/Library/CloudStorage/OneDrive-Avalara/Documents/PromptWars/promptwars/backend/controllers/processController.js": {"path":"/Users/sumit.ahuja/Library/CloudStorage/OneDrive-Avalara/Documents/PromptWars/promptwars/backend/controllers/processController.js","statementMap":{"0":{"start":{"line":1,"column":22},"end":{"line":1,"column":58}},"1":{"start":{"line":2,"column":29},"end":{"line":2,"column":57}},"2":{"start":{"line":3,"column":18},"end":{"line":3,"column":39}},"3":{"start":{"line":7,"column":16},"end":{"line":7,"column":83}},"4":{"start":{"line":17,"column":22},"end":{"line":58,"column":1}},"5":{"start":{"line":18,"column":4},"end":{"line":57,"column":5}},"6":{"start":{"line":20,"column":23},"end":{"line":20,"column":44}},"7":{"start":{"line":21,"column":8},"end":{"line":23,"column":9}},"8":{"start":{"line":22,"column":12},"end":{"line":22,"column":84}},"9":{"start":{"line":25,"column":30},"end":{"line":25,"column":38}},"10":{"start":{"line":26,"column":32},"end":{"line":26,"column":62}},"11":{"start":{"line":29,"column":29},"end":{"line":29,"column":76}},"12":{"start":{"line":30,"column":31},"end":{"line":30,"column":56}},"13":{"start":{"line":32,"column":8},"end":{"line":35,"column":9}},"14":{"start":{"line":33,"column":12},"end":{"line":33,"column":128}},"15":{"start":{"line":34,"column":12},"end":{"line":34,"column":56}},"16":{"start":{"line":37,"column":8},"end":{"line":37,"column":131}},"17":{"start":{"line":40,"column":23},"end":{"line":40,"column":67}},"18":{"start":{"line":43,"column":8},"end":{"line":45,"column":9}},"19":{"start":{"line":44,"column":12},"end":{"line":44,"column":46}},"20":{"start":{"line":48,"column":8},"end":{"line":48,"column":44}},"21":{"start":{"line":52,"column":8},"end":{"line":55,"column":9}},"22":{"start":{"line":53,"column":12},"end":{"line":53,"column":35}},"23":{"start":{"line":54,"column":12},"end":{"line":54,"column":39}},"24":{"start":{"line":56,"column":8},"end":{"line":56,"column":20}},"25":{"start":{"line":60,"column":0},"end":{"line":62,"column":2}}},"fnMap":{"0":{"name":"(anonymous_0)","decl":{"start":{"line":17,"column":22},"end":{"line":17,"column":23}},"loc":{"start":{"line":17,"column":48},"end":{"line":58,"column":1}},"line":17}},"branchMap":{"0":{"loc":{"start":{"line":21,"column":8},"end":{"line":23,"column":9}},"type":"if","locations":[{"start":{"line":21,"column":8},"end":{"line":23,"column":9}},{"start":{},"end":{}}],"line":21},"1":{"loc":{"start":{"line":32,"column":8},"end":{"line":35,"column":9}},"type":"if","locations":[{"start":{"line":32,"column":8},"end":{"line":35,"column":9}},{"start":{},"end":{}}],"line":32},"2":{"loc":{"start":{"line":43,"column":8},"end":{"line":45,"column":9}},"type":"if","locations":[{"start":{"line":43,"column":8},"end":{"line":45,"column":9}},{"start":{},"end":{}}],"line":43},"3":{"loc":{"start":{"line":43,"column":12},"end":{"line":43,"column":35}},"type":"binary-expr","locations":[{"start":{"line":43,"column":12},"end":{"line":43,"column":18}},{"start":{"line":43,"column":22},"end":{"line":43,"column":35}}],"line":43},"4":{"loc":{"start":{"line":52,"column":8},"end":{"line":55,"column":9}},"type":"if","locations":[{"start":{"line":52,"column":8},"end":{"line":55,"column":9}},{"start":{},"end":{}}],"line":52}},"s":{"0":1,"1":1,"2":1,"3":1,"4":1,"5":6,"6":6,"7":6,"8":2,"9":4,"10":4,"11":4,"12":4,"13":4,"14":0,"15":0,"16":4,"17":4,"18":3,"19":3,"20":3,"21":1,"22":1,"23":1,"24":1,"25":1},"f":{"0":6},"b":{"0":[2,4],"1":[0,4],"2":[3,0],"3":[3,3],"4":[1,0]},"_coverageSchema":"1a1c01bbd47fc00a2c39e90264f33305004495a9","hash":"2ea38cc8d51d13eab4b91d6033ef9d9b6503f00a"}
,"/Users/sumit.ahuja/Library/CloudStorage/OneDrive-Avalara/Documents/PromptWars/promptwars/backend/middleware/errorMiddleware.js": {"path":"/Users/sumit.ahuja/Library/CloudStorage/OneDrive-Avalara/Documents/PromptWars/promptwars/backend/middleware/errorMiddleware.js","statementMap":{"0":{"start":{"line":6,"column":21},"end":{"line":27,"column":1}},"1":{"start":{"line":7,"column":21},"end":{"line":7,"column":42}},"2":{"start":{"line":10,"column":4},"end":{"line":10,"column":57}},"3":{"start":{"line":11,"column":4},"end":{"line":13,"column":5}},"4":{"start":{"line":12,"column":8},"end":{"line":12,"column":33}},"5":{"start":{"line":16,"column":18},"end":{"line":16,"column":41}},"6":{"start":{"line":19,"column":4},"end":{"line":21,"column":5}},"7":{"start":{"line":20,"column":8},"end":{"line":20,"column":30}},"8":{"start":{"line":23,"column":4},"end":{"line":26,"column":7}},"9":{"start":{"line":29,"column":0},"end":{"line":29,"column":30}}},"fnMap":{"0":{"name":"(anonymous_0)","decl":{"start":{"line":6,"column":21},"end":{"line":6,"column":22}},"loc":{"start":{"line":6,"column":46},"end":{"line":27,"column":1}},"line":6}},"branchMap":{"0":{"loc":{"start":{"line":7,"column":21},"end":{"line":7,"column":42}},"type":"binary-expr","locations":[{"start":{"line":7,"column":21},"end":{"line":7,"column":35}},{"start":{"line":7,"column":39},"end":{"line":7,"column":42}}],"line":7},"1":{"loc":{"start":{"line":11,"column":4},"end":{"line":13,"column":5}},"type":"if","locations":[{"start":{"line":11,"column":4},"end":{"line":13,"column":5}},{"start":{},"end":{}}],"line":11},"2":{"loc":{"start":{"line":19,"column":4},"end":{"line":21,"column":5}},"type":"if","locations":[{"start":{"line":19,"column":4},"end":{"line":21,"column":5}},{"start":{},"end":{}}],"line":19},"3":{"loc":{"start":{"line":19,"column":8},"end":{"line":19,"column":45}},"type":"binary-expr","locations":[{"start":{"line":19,"column":8},"end":{"line":19,"column":25}},{"start":{"line":19,"column":29},"end":{"line":19,"column":45}}],"line":19}},"s":{"0":1,"1":1,"2":1,"3":1,"4":1,"5":1,"6":1,"7":1,"8":1,"9":1},"f":{"0":1},"b":{"0":[1,0],"1":[1,0],"2":[1,0],"3":[1,0]},"_coverageSchema":"1a1c01bbd47fc00a2c39e90264f33305004495a9","hash":"baf14ceaee842c4ce00c6e6a8fc797e585ec6feb"}
,"/Users/sumit.ahuja/Library/CloudStorage/OneDrive-Avalara/Documents/PromptWars/promptwars/backend/routes/api.js": {"path":"/Users/sumit.ahuja/Library/CloudStorage/OneDrive-Avalara/Documents/PromptWars/promptwars/backend/routes/api.js","statementMap":{"0":{"start":{"line":1,"column":16},"end":{"line":1,"column":34}},"1":{"start":{"line":2,"column":15},"end":{"line":2,"column":31}},"2":{"start":{"line":3,"column":17},"end":{"line":3,"column":45}},"3":{"start":{"line":4,"column":26},"end":{"line":4,"column":69}},"4":{"start":{"line":7,"column":29},"end":{"line":15,"column":1}},"5":{"start":{"line":19,"column":0},"end":{"line":19,"column":79}},"6":{"start":{"line":21,"column":0},"end":{"line":21,"column":24}}},"fnMap":{},"branchMap":{},"s":{"0":1,"1":1,"2":1,"3":1,"4":1,"5":1,"6":1},"f":{},"b":{},"_coverageSchema":"1a1c01bbd47fc00a2c39e90264f33305004495a9","hash":"1fd4129a2409e6dfec286aa6f0023e0a94e087ed"}
}
