{"/Users/sumit.ahuja/Library/CloudStorage/OneDrive-Avalara/Documents/PromptWars/promptwars/backend/server.js": {"path":"/Users/sumit.ahuja/Library/CloudStorage/OneDrive-Avalara/Documents/PromptWars/promptwars/backend/server.js","statementMap":{"0":{"start":{"line":1,"column":16},"end":{"line":1,"column":34}},"1":{"start":{"line":2,"column":13},"end":{"line":2,"column":28}},"2":{"start":{"line":3,"column":13},"end":{"line":3,"column":28}},"3":{"start":{"line":4,"column":15},"end":{"line":4,"column":32}},"4":{"start":{"line":5,"column":18},"end":{"line":5,"column":47}},"5":{"start":{"line":6,"column":20},"end":{"line":6,"column":42}},"6":{"start":{"line":7,"column":12},"end":{"line":7,"column":26}},"7":{"start":{"line":10,"column":15},"end":{"line":10,"column":43}},"8":{"start":{"line":11,"column":18},"end":{"line":11,"column":41}},"9":{"start":{"line":12,"column":21},"end":{"line":12,"column":60}},"10":{"start":{"line":13,"column":27},"end":{"line":13,"column":67}},"11":{"start":{"line":15,"column":12},"end":{"line":15,"column":21}},"12":{"start":{"line":22,"column":0},"end":{"line":22,"column":28}},"13":{"start":{"line":25,"column":0},"end":{"line":34,"column":1}},"14":{"start":{"line":26,"column":4},"end":{"line":33,"column":7}},"15":{"start":{"line":27,"column":22},"end":{"line":27,"column":32}},"16":{"start":{"line":28,"column":8},"end":{"line":31,"column":11}},"17":{"start":{"line":29,"column":23},"end":{"line":29,"column":41}},"18":{"start":{"line":30,"column":12},"end":{"line":30,"column":133}},"19":{"start":{"line":32,"column":8},"end":{"line":32,"column":15}},"20":{"start":{"line":37,"column":0},"end":{"line":37,"column":18}},"21":{"start":{"line":38,"column":0},"end":{"line":46,"column":4}},"22":{"start":{"line":49,"column":0},"end":{"line":49,"column":23}},"23":{"start":{"line":52,"column":20},"end":{"line":56,"column":1}},"24":{"start":{"line":57,"column":0},"end":{"line":57,"column":27}},"25":{"start":{"line":60,"column":0},"end":{"line":60,"column":40}},"26":{"start":{"line":61,"column":0},"end":{"line":61,"column":62}},"27":{"start":{"line":64,"column":0},"end":{"line":64,"column":15}},"28":{"start":{"line":67,"column":16},"end":{"line":73,"column":2}},"29":{"start":{"line":74,"column":0},"end":{"line":74,"column":25}},"30":{"start":{"line":80,"column":0},"end":{"line":80,"column":61}},"31":{"start":{"line":81,"column":0},"end":{"line":81,"column":27}},"32":{"start":{"line":83,"column":0},"end":{"line":88,"column":3}},"33":{"start":{"line":84,"column":18},"end":{"line":84,"column":89}},"34":{"start":{"line":85,"column":4},"end":{"line":85,"column":27}},"35":{"start":{"line":86,"column":4},"end":{"line":86,"column":31}},"36":{"start":{"line":87,"column":4},"end":{"line":87,"column":16}},"37":{"start":{"line":93,"column":0},"end":{"line":93,"column":22}},"38":{"start":{"line":96,"column":0},"end":{"line":100,"column":1}},"39":{"start":{"line":97,"column":4},"end":{"line":99,"column":7}},"40":{"start":{"line":98,"column":8},"end":{"line":98,"column":129}},"41":{"start":{"line":102,"column":0},"end":{"line":102,"column":21}}},"fnMap":{"0":{"name":"(anonymous_0)","decl":{"start":{"line":26,"column":12},"end":{"line":26,"column":13}},"loc":{"start":{"line":26,"column":32},"end":{"line":33,"column":5}},"line":26},"1":{"name":"(anonymous_1)","decl":{"start":{"line":28,"column":25},"end":{"line":28,"column":26}},"loc":{"start":{"line":28,"column":31},"end":{"line":31,"column":9}},"line":28},"2":{"name":"(anonymous_2)","decl":{"start":{"line":83,"column":8},"end":{"line":83,"column":9}},"loc":{"start":{"line":83,"column":28},"end":{"line":88,"column":1}},"line":83},"3":{"name":"(anonymous_3)","decl":{"start":{"line":97,"column":32},"end":{"line":97,"column":33}},"loc":{"start":{"line":97,"column":38},"end":{"line":99,"column":5}},"line":97}},"branchMap":{"0":{"loc":{"start":{"line":25,"column":0},"end":{"line":34,"column":1}},"type":"if","locations":[{"start":{"line":25,"column":0},"end":{"line":34,"column":1}},{"start":{},"end":{}}],"line":25},"1":{"loc":{"start":{"line":96,"column":0},"end":{"line":100,"column":1}},"type":"if","locations":[{"start":{"line":96,"column":0},"end":{"line":100,"column":1}},{"start":{},"end":{}}],"line":96}},"s":{"0":1,"1":1,"2":1,"3":1,"4":1,"5":1,"6":1,"7":1,"8":1,"9":1,"10":1,"11":1,"12":1,"13":1,"14":0,"15":0,"16":0,"17":0,"18":0,"19":0,"20":1,"21":1,"22":1,"23":1,"24":1,"25":1,"26":1,"27":1,"28":1,"29":1,"30":1,"31":1,"32":1,"33":1,"34":1,"35":1,"36":1,"37":1,"38":1,"39":0,"40":0,"41":1},"f":{"0":0,"1":0,"2":1,"3":0},"b":{"0":[0,1],"1":[0,1]},"_coverageSchema":"1a1c01bbd47fc00a2c39e90264f33305004495a9","hash":"1768c8315bd629cc1548b14d62b6d15a641ee25c"}
,"/Users/sumit.ahuja/Library/CloudStorage/OneDrive-Avalara/Documents/PromptWars/promptwars/backend/config/settings.js": {"path":"/Users/sumit.ahuja/Library/CloudStorage/OneDrive-Avalara/Documents/PromptWars/promptwars/backend/config/settings.js","statementMap":{"0":{"start":{"line":1,"column":13},"end":{"line":1,"column":28}},"1":{"start":{"line":2,"column":0},"end":{"line":2,"column":71}},"2":{"start":{"line":9,"column":15},"end":{"line":25,"column":1}},"3":{"start":{"line":28,"column":0},"end":{"line":30,"column":1}},"4":{"start":{"line":29,"column":4},"end":{"line":29,"column":78}},"5":{"start":{"line":32,"column":0},"end":{"line":32,"column":24}}},"fnMap":{},"branchMap":{"0":{"loc":{"start":{"line":11,"column":14},"end":{"line":11,"column":38}},"type":"binary-expr","locations":[{"start":{"line":11,"column":14},"end":{"line":11,"column":30}},{"start":{"line":11,"column":34},"end":{"line":11,"column":38}}],"line":11},"1":{"loc":{"start":{"line":12,"column":13},"end":{"line":12,"column":50}},"type":"binary-expr","locations":[{"start":{"line":12,"column":13},"end":{"line":12,"column":33}},{"start":{"line":12,"column":37},"end":{"line":12,"column":50}}],"line":12},"2":{"loc":{"start":{"line":13,"column":20},"end":{"line":13,"column":50}},"type":"binary-expr","locations":[{"start":{"line":13,"column":20},"end":{"line":13,"column":43}},{"start":{"line":13,"column":47},"end":{"line":13,"column":50}}],"line":13},"3":{"loc":{"start":{"line":16,"column":27},"end":{"line":16,"column":107}},"type":"cond-expr","locations":[{"start":{"line":16,"column":55},"end":{"line":16,"column":90}},{"start":{"line":16,"column":93},"end":{"line":16,"column":107}}],"line":16},"4":{"loc":{"start":{"line":17,"column":22},"end":{"line":17,"column":93}},"type":"cond-expr","locations":[{"start":{"line":17,"column":51},"end":{"line":17,"column":87}},{"start":{"line":17,"column":90},"end":{"line":17,"column":93}}],"line":17},"5":{"loc":{"start":{"line":21,"column":21},"end":{"line":21,"column":67}},"type":"binary-expr","locations":[{"start":{"line":21,"column":21},"end":{"line":21,"column":45}},{"start":{"line":21,"column":49},"end":{"line":21,"column":67}}],"line":21},"6":{"loc":{"start":{"line":22,"column":22},"end":{"line":22,"column":76}},"type":"binary-expr","locations":[{"start":{"line":22,"column":22},"end":{"line":22,"column":54}},{"start":{"line":22,"column":58},"end":{"line":22,"column":76}}],"line":22},"7":{"loc":{"start":{"line":23,"column":17},"end":{"line":23,"column":54}},"type":"binary-expr","locations":[{"start":{"line":23,"column":17},"end":{"line":23,"column":48}},{"start":{"line":23,"column":52},"end":{"line":23,"column":54}}],"line":23},"8":{"loc":{"start":{"line":28,"column":0},"end":{"line":30,"column":1}},"type":"if","locations":[{"start":{"line":28,"column":0},"end":{"line":30,"column":1}},{"start":{},"end":{}}],"line":28},"9":{"loc":{"start":{"line":28,"column":4},"end":{"line":28,"column":57}},"type":"binary-expr","locations":[{"start":{"line":28,"column":4},"end":{"line":28,"column":28}},{"start":{"line":28,"column":32},"end":{"line":28,"column":57}}],"line":28}},"s":{"0":1,"1":1,"2":1,"3":1,"4":0,"5":1},"f":{},"b":{"0":[1,1],"1":[1,0],"2":[1,1],"3":[0,1],"4":[0,1],"5":[1,1],"6":[1,1],"7":[1,1],"8":[0,1],"9":[1,1]},"_coverageSchema":"1a1c01bbd47fc00a2c39e90264f33305004495a9","hash":"7f7b1562178e5d9b0fc46982fee53aa8c657ba1d"}
,"/Users/sumit.ahuja/Library/CloudStorage/OneDrive-Avalara/Documents/PromptWars/promptwars/backend/controllers/processController.js": {"path":"/Users/sumit.ahuja/Library/CloudStorage/OneDrive-Avalara/Documents/PromptWars/promptwars/backend/controllers/processController.js","statementMap":{"0":{"start":{"line":1,"column":22},"end":{"line":1,"column":58}},"1":{"start":{"line":2,"column":27},"end":{"line":2,"column":68}},"2":{"start":{"line":3,"column":29},"end":{"line":3,"column":57}},"3":{"start":{"line":4,"column":18},"end":{"line":4,"column":39}},"4":{"start":{"line":7,"column":16},"end":{"line":7,"column":83}},"5":{"start":{"line":17,"column":22},"end":{"line":61,"column":1}},"6":{"start":{"line":18,"column":4},"end":{"line":60,"column":5}},"7":{"start":{"line":20,"column":23},"end":{"line":20,"column":44}},"8":{"start":{"line":21,"column":8},"end":{"line":23,"column":9}},"9":{"start":{"line":22,"column":12},"end":{"line":22,"column":84}},"10":{"start":{"line":25,"column":30},"end":{"line":25,"column":38}},"11":{"start":{"line":26,"column":32},"end":{"line":26,"column":62}},"12":{"start":{"line":29,"column":29},"end":{"line":29,"column":76}},"13":{"start":{"line":30,"column":31},"end":{"line":30,"column":56}},"14":{"start":{"line":32,"column":8},"end":{"line":35,"column":9}},"15":{"start":{"line":33,"column":12},"end":{"line":33,"column":127}},"16":{"start":{"line":34,"column":12},"end":{"line":34,"column":56}},"17":{"start":{"line":37,"column":8},"end":{"line":37,"column":125}},"18":{"start":{"line":40,"column":23},"end":{"line":40,"column":67}},"19":{"start":{"line":43,"column":8},"end":{"line":48,"column":9}},"20":{"start":{"line":44,"column":12},"end":{"line":44,"column":46}},"21":{"start":{"line":47,"column":12},"end":{"line":47,"column":102}},"22":{"start":{"line":51,"column":8},"end":{"line":51,"column":44}},"23":{"start":{"line":55,"column":8},"end":{"line":58,"column":9}},"24":{"start":{"line":56,"column":12},"end":{"line":56,"column":35}},"25":{"start":{"line":57,"column":12},"end":{"line":57,"column":39}},"26":{"start":{"line":59,"column":8},"end":{"line":59,"column":20}},"27":{"start":{"line":63,"column":0},"end":{"line":65,"column":2}}},"fnMap":{"0":{"name":"(anonymous_0)","decl":{"start":{"line":17,"column":22},"end":{"line":17,"column":23}},"loc":{"start":{"line":17,"column":48},"end":{"line":61,"column":1}},"line":17}},"branchMap":{"0":{"loc":{"start":{"line":21,"column":8},"end":{"line":23,"column":9}},"type":"if","locations":[{"start":{"line":21,"column":8},"end":{"line":23,"column":9}},{"start":{},"end":{}}],"line":21},"1":{"loc":{"start":{"line":32,"column":8},"end":{"line":35,"column":9}},"type":"if","locations":[{"start":{"line":32,"column":8},"end":{"line":35,"column":9}},{"start":{},"end":{}}],"line":32},"2":{"loc":{"start":{"line":43,"column":8},"end":{"line":48,"column":9}},"type":"if","locations":[{"start":{"line":43,"column":8},"end":{"line":48,"column":9}},{"start":{},"end":{}}],"line":43},"3":{"loc":{"start":{"line":43,"column":12},"end":{"line":43,"column":35}},"type":"binary-expr","locations":[{"start":{"line":43,"column":12},"end":{"line":43,"column":18}},{"start":{"line":43,"column":22},"end":{"line":43,"column":35}}],"line":43},"4":{"loc":{"start":{"line":55,"column":8},"end":{"line":58,"column":9}},"type":"if","locations":[{"start":{"line":55,"column":8},"end":{"line":58,"column":9}},{"start":{},"end":{}}],"line":55}},"s":{"0":1,"1":1,"2":1,"3":1,"4":1,"5":1,"6":6,"7":6,"8":6,"9":2,"10":4,"11":4,"12":4,"13":4,"14":4,"15":0,"16":0,"17":4,"18":4,"19":3,"20":3,"21":3,"22":3,"23":1,"24":1,"25":1,"26":1,"27":1},"f":{"0":6},"b":{"0":[2,4],"1":[0,4],"2":[3,0],"3":[3,3],"4":[1,0]},"_coverageSchema":"1a1c01bbd47fc00a2c39e90264f33305004495a9","hash":"e13ebdf9d0535592498b781cd8ff21deb6fbff20"}
,"/Users/sumit.ahuja/Library/CloudStorage/OneDrive-Avalara/Documents/PromptWars/promptwars/backend/middleware/errorMiddleware.js": {"path":"/Users/sumit.ahuja/Library/CloudStorage/OneDrive-Avalara/Documents/PromptWars/promptwars/backend/middleware/errorMiddleware.js","statementMap":{"0":{"start":{"line":6,"column":21},"end":{"line":27,"column":1}},"1":{"start":{"line":7,"column":21},"end":{"line":7,"column":42}},"2":{"start":{"line":10,"column":4},"end":{"line":10,"column":57}},"3":{"start":{"line":11,"column":4},"end":{"line":13,"column":5}},"4":{"start":{"line":12,"column":8},"end":{"line":12,"column":33}},"5":{"start":{"line":16,"column":18},"end":{"line":16,"column":41}},"6":{"start":{"line":19,"column":4},"end":{"line":21,"column":5}},"7":{"start":{"line":20,"column":8},"end":{"line":20,"column":30}},"8":{"start":{"line":23,"column":4},"end":{"line":26,"column":7}},"9":{"start":{"line":29,"column":0},"end":{"line":29,"column":30}}},"fnMap":{"0":{"name":"(anonymous_0)","decl":{"start":{"line":6,"column":21},"end":{"line":6,"column":22}},"loc":{"start":{"line":6,"column":46},"end":{"line":27,"column":1}},"line":6}},"branchMap":{"0":{"loc":{"start":{"line":7,"column":21},"end":{"line":7,"column":42}},"type":"binary-expr","locations":[{"start":{"line":7,"column":21},"end":{"line":7,"column":35}},{"start":{"line":7,"column":39},"end":{"line":7,"column":42}}],"line":7},"1":{"loc":{"start":{"line":11,"column":4},"end":{"line":13,"column":5}},"type":"if","locations":[{"start":{"line":11,"column":4},"end":{"line":13,"column":5}},{"start":{},"end":{}}],"line":11},"2":{"loc":{"start":{"line":19,"column":4},"end":{"line":21,"column":5}},"type":"if","locations":[{"start":{"line":19,"column":4},"end":{"line":21,"column":5}},{"start":{},"end":{}}],"line":19},"3":{"loc":{"start":{"line":19,"column":8},"end":{"line":19,"column":45}},"type":"binary-expr","locations":[{"start":{"line":19,"column":8},"end":{"line":19,"column":25}},{"start":{"line":19,"column":29},"end":{"line":19,"column":45}}],"line":19}},"s":{"0":1,"1":2,"2":2,"3":2,"4":2,"5":2,"6":2,"7":2,"8":2,"9":1},"f":{"0":2},"b":{"0":[2,0],"1":[2,0],"2":[2,0],"3":[2,0]},"_coverageSchema":"1a1c01bbd47fc00a2c39e90264f33305004495a9","hash":"baf14ceaee842c4ce00c6e6a8fc797e585ec6feb"}
,"/Users/sumit.ahuja/Library/CloudStorage/OneDrive-Avalara/Documents/PromptWars/promptwars/backend/routes/api.js": {"path":"/Users/sumit.ahuja/Library/CloudStorage/OneDrive-Avalara/Documents/PromptWars/promptwars/backend/routes/api.js","statementMap":{"0":{"start":{"line":1,"column":16},"end":{"line":1,"column":34}},"1":{"start":{"line":2,"column":15},"end":{"line":2,"column":31}},"2":{"start":{"line":3,"column":17},"end":{"line":3,"column":45}},"3":{"start":{"line":4,"column":26},"end":{"line":4,"column":69}},"4":{"start":{"line":5,"column":15},"end":{"line":5,"column":44}},"5":{"start":{"line":8,"column":29},"end":{"line":16,"column":1}},"6":{"start":{"line":20,"column":0},"end":{"line":20,"column":79}},"7":{"start":{"line":24,"column":0},"end":{"line":30,"column":3}},"8":{"start":{"line":25,"column":4},"end":{"line":29,"column":5}},"9":{"start":{"line":26,"column":8},"end":{"line":26,"column":65}},"10":{"start":{"line":28,"column":8},"end":{"line":28,"column":20}},"11":{"start":{"line":32,"column":0},"end":{"line":32,"column":24}}},"fnMap":{"0":{"name":"(anonymous_0)","decl":{"start":{"line":24,"column":22},"end":{"line":24,"column":23}},"loc":{"start":{"line":24,"column":42},"end":{"line":30,"column":1}},"line":24}},"branchMap":{},"s":{"0":1,"1":1,"2":1,"3":1,"4":1,"5":1,"6":1,"7":1,"8":1,"9":1,"10":0,"11":1},"f":{"0":1},"b":{},"_coverageSchema":"1a1c01bbd47fc00a2c39e90264f33305004495a9","hash":"9ceb0f1d0389f9b9c932912631bf905addd21e17"}
,"/Users/sumit.ahuja/Library/CloudStorage/OneDrive-Avalara/Documents/PromptWars/promptwars/backend/services/googleCloudService.js": {"path":"/Users/sumit.ahuja/Library/CloudStorage/OneDrive-Avalara/Documents/PromptWars/promptwars/backend/services/googleCloudService.js","statementMap":{"0":{"start":{"line":1,"column":22},"end":{"line":1,"column":56}},"1":{"start":{"line":2,"column":20},"end":{"line":2,"column":52}},"2":{"start":{"line":3,"column":15},"end":{"line":3,"column":44}},"3":{"start":{"line":6,"column":18},"end":{"line":6,"column":22}},"4":{"start":{"line":7,"column":16},"end":{"line":7,"column":20}},"5":{"start":{"line":9,"column":22},"end":{"line":20,"column":1}},"6":{"start":{"line":11,"column":4},"end":{"line":19,"column":5}},"7":{"start":{"line":12,"column":8},"end":{"line":18,"column":9}},"8":{"start":{"line":13,"column":12},"end":{"line":13,"column":83}},"9":{"start":{"line":14,"column":34},"end":{"line":14,"column":88}},"10":{"start":{"line":15,"column":12},"end":{"line":15,"column":63}},"11":{"start":{"line":17,"column":12},"end":{"line":17,"column":117}},"12":{"start":{"line":21,"column":0},"end":{"line":21,"column":16}},"13":{"start":{"line":27,"column":30},"end":{"line":42,"column":1}},"14":{"start":{"line":28,"column":4},"end":{"line":41,"column":5}},"15":{"start":{"line":29,"column":8},"end":{"line":29,"column":39}},"16":{"start":{"line":29,"column":26},"end":{"line":29,"column":39}},"17":{"start":{"line":31,"column":23},"end":{"line":31,"column":67}},"18":{"start":{"line":32,"column":8},"end":{"line":36,"column":11}},"19":{"start":{"line":37,"column":8},"end":{"line":37,"column":20}},"20":{"start":{"line":39,"column":8},"end":{"line":39,"column":62}},"21":{"start":{"line":40,"column":8},"end":{"line":40,"column":21}},"22":{"start":{"line":47,"column":27},"end":{"line":59,"column":1}},"23":{"start":{"line":48,"column":4},"end":{"line":58,"column":5}},"24":{"start":{"line":49,"column":8},"end":{"line":52,"column":9}},"25":{"start":{"line":51,"column":12},"end":{"line":51,"column":70}},"26":{"start":{"line":53,"column":25},"end":{"line":53,"column":67}},"27":{"start":{"line":54,"column":22},"end":{"line":54,"column":56}},"28":{"start":{"line":55,"column":8},"end":{"line":55,"column":37}},"29":{"start":{"line":57,"column":8},"end":{"line":57,"column":81}},"30":{"start":{"line":61,"column":0},"end":{"line":64,"column":2}}},"fnMap":{"0":{"name":"(anonymous_0)","decl":{"start":{"line":9,"column":22},"end":{"line":9,"column":23}},"loc":{"start":{"line":9,"column":28},"end":{"line":20,"column":1}},"line":9},"1":{"name":"(anonymous_1)","decl":{"start":{"line":27,"column":30},"end":{"line":27,"column":31}},"loc":{"start":{"line":27,"column":55},"end":{"line":42,"column":1}},"line":27},"2":{"name":"(anonymous_2)","decl":{"start":{"line":47,"column":27},"end":{"line":47,"column":28}},"loc":{"start":{"line":47,"column":65},"end":{"line":59,"column":1}},"line":47}},"branchMap":{"0":{"loc":{"start":{"line":11,"column":4},"end":{"line":19,"column":5}},"type":"if","locations":[{"start":{"line":11,"column":4},"end":{"line":19,"column":5}},{"start":{},"end":{}}],"line":11},"1":{"loc":{"start":{"line":11,"column":8},"end":{"line":11,"column":116}},"type":"binary-expr","locations":[{"start":{"line":11,"column":8},"end":{"line":11,"column":34}},{"start":{"line":11,"column":38},"end":{"line":11,"column":87}},{"start":{"line":11,"column":91},"end":{"line":11,"column":116}}],"line":11},"2":{"loc":{"start":{"line":29,"column":8},"end":{"line":29,"column":39}},"type":"if","locations":[{"start":{"line":29,"column":8},"end":{"line":29,"column":39}},{"start":{},"end":{}}],"line":29},"3":{"loc":{"start":{"line":47,"column":43},"end":{"line":47,"column":60}},"type":"default-arg","locations":[{"start":{"line":47,"column":54},"end":{"line":47,"column":60}}],"line":47},"4":{"loc":{"start":{"line":49,"column":8},"end":{"line":52,"column":9}},"type":"if","locations":[{"start":{"line":49,"column":8},"end":{"line":52,"column":9}},{"start":{},"end":{}}],"line":49}},"s":{"0":1,"1":1,"2":1,"3":1,"4":1,"5":1,"6":1,"7":0,"8":0,"9":0,"10":0,"11":0,"12":1,"13":1,"14":3,"15":3,"16":3,"17":0,"18":0,"19":0,"20":0,"21":0,"22":1,"23":4,"24":4,"25":4,"26":0,"27":0,"28":0,"29":0,"30":1},"f":{"0":1,"1":3,"2":4},"b":{"0":[0,1],"1":[1,1,0],"2":[3,0],"3":[0],"4":[4,0]},"_coverageSchema":"1a1c01bbd47fc00a2c39e90264f33305004495a9","hash":"50b622ac38be03fec67ef9376ea135bd5af9eb9f"}
}
