TN:
SF:backend/server.js
FN:21,(anonymous_0)
FN:23,(anonymous_1)
FN:85,(anonymous_2)
FN:106,(anonymous_3)
FNF:4
FNH:0
FNDA:0,(anonymous_0)
FNDA:0,(anonymous_1)
FNDA:0,(anonymous_2)
FNDA:0,(anonymous_3)
DA:1,1
DA:2,1
DA:3,1
DA:4,1
DA:5,1
DA:6,1
DA:7,1
DA:9,1
DA:10,1
DA:12,1
DA:13,1
DA:20,1
DA:21,0
DA:22,0
DA:23,0
DA:24,0
DA:25,0
DA:31,0
DA:36,1
DA:37,1
DA:48,1
DA:51,1
DA:56,1
DA:59,1
DA:60,1
DA:63,1
DA:64,1
DA:65,1
DA:72,1
DA:79,1
DA:82,1
DA:85,1
DA:86,0
DA:87,0
DA:88,0
DA:89,0
DA:95,1
DA:99,1
DA:100,0
DA:101,0
DA:105,1
DA:106,0
DA:107,0
DA:111,1
LF:44
LH:30
BRDA:13,0,0,1
BRDA:13,0,1,1
BRDA:20,1,0,0
BRDA:20,1,1,1
BRDA:26,2,0,0
BRDA:26,2,1,0
BRDA:26,3,0,0
BRDA:26,3,1,0
BRDA:52,4,0,1
BRDA:52,4,1,1
BRDA:63,5,0,0
BRDA:63,5,1,1
BRDA:64,6,0,0
BRDA:64,6,1,1
BRDA:99,7,0,0
BRDA:99,7,1,1
BRDA:99,8,0,1
BRDA:99,8,1,1
BRDA:105,9,0,0
BRDA:105,9,1,1
BRF:20
BRH:11
end_of_record
TN:
SF:backend/controllers/processController.js
FN:17,(anonymous_0)
FNF:1
FNH:1
FNDA:6,(anonymous_0)
DA:1,1
DA:2,1
DA:3,1
DA:7,1
DA:17,1
DA:18,6
DA:20,6
DA:21,6
DA:22,2
DA:25,4
DA:26,4
DA:29,4
DA:30,4
DA:32,4
DA:33,0
DA:34,0
DA:37,4
DA:40,4
DA:43,3
DA:44,3
DA:48,3
DA:52,1
DA:53,1
DA:54,1
DA:56,1
DA:60,1
LF:26
LH:24
BRDA:21,0,0,2
BRDA:21,0,1,4
BRDA:32,1,0,0
BRDA:32,1,1,4
BRDA:43,2,0,3
BRDA:43,2,1,0
BRDA:43,3,0,3
BRDA:43,3,1,3
BRDA:52,4,0,1
BRDA:52,4,1,0
BRF:10
BRH:7
end_of_record
TN:
SF:backend/middleware/errorMiddleware.js
FN:6,(anonymous_0)
FNF:1
FNH:1
FNDA:1,(anonymous_0)
DA:6,1
DA:7,1
DA:10,1
DA:11,1
DA:12,1
DA:16,1
DA:19,1
DA:20,1
DA:23,1
DA:29,1
LF:10
LH:10
BRDA:7,0,0,1
BRDA:7,0,1,0
BRDA:11,1,0,1
BRDA:11,1,1,0
BRDA:19,2,0,1
BRDA:19,2,1,0
BRDA:19,3,0,1
BRDA:19,3,1,0
BRF:8
BRH:4
end_of_record
TN:
SF:backend/routes/api.js
FNF:0
FNH:0
DA:1,1
DA:2,1
DA:3,1
DA:4,1
DA:7,1
DA:19,1
DA:21,1
LF:7
LH:7
BRF:0
BRH:0
end_of_record
