TN:
SF:backend/server.js
FN:26,(anonymous_0)
FN:28,(anonymous_1)
FN:83,(anonymous_2)
FN:97,(anonymous_3)
FNF:4
FNH:0
FNDA:0,(anonymous_0)
FNDA:0,(anonymous_1)
FNDA:0,(anonymous_2)
FNDA:0,(anonymous_3)
DA:1,1
DA:2,1
DA:3,1
DA:4,1
DA:5,1
DA:6,1
DA:7,1
DA:10,1
DA:11,1
DA:12,1
DA:13,1
DA:15,1
DA:22,1
DA:25,1
DA:26,0
DA:27,0
DA:28,0
DA:29,0
DA:30,0
DA:32,0
DA:37,1
DA:38,1
DA:49,1
DA:52,1
DA:57,1
DA:60,1
DA:61,1
DA:64,1
DA:67,1
DA:74,1
DA:80,1
DA:81,1
DA:83,1
DA:84,0
DA:85,0
DA:86,0
DA:87,0
DA:93,1
DA:96,1
DA:97,0
DA:98,0
DA:102,1
LF:42
LH:30
BRDA:25,0,0,0
BRDA:25,0,1,1
BRDA:96,1,0,0
BRDA:96,1,1,1
BRF:4
BRH:2
end_of_record
TN:
SF:backend/config/settings.js
FNF:0
FNH:0
DA:1,1
DA:2,1
DA:9,1
DA:27,1
DA:28,0
DA:31,1
LF:6
LH:5
BRDA:11,0,0,1
BRDA:11,0,1,1
BRDA:12,1,0,1
BRDA:12,1,1,0
BRDA:13,2,0,1
BRDA:13,2,1,1
BRDA:16,3,0,0
BRDA:16,3,1,1
BRDA:17,4,0,0
BRDA:17,4,1,1
BRDA:21,5,0,1
BRDA:21,5,1,1
BRDA:22,6,0,1
BRDA:22,6,1,1
BRDA:27,7,0,0
BRDA:27,7,1,1
BRDA:27,8,0,1
BRDA:27,8,1,1
BRF:18
BRH:14
end_of_record
TN:
SF:backend/controllers/processController.js
FN:17,(anonymous_0)
FNF:1
FNH:1
FNDA:6,(anonymous_0)
DA:1,1
DA:2,1
DA:3,1
DA:4,1
DA:7,1
DA:17,1
DA:18,6
DA:20,6
DA:21,6
DA:22,2
DA:25,4
DA:26,4
DA:29,4
DA:30,4
DA:32,4
DA:33,0
DA:34,0
DA:37,4
DA:40,4
DA:43,3
DA:44,3
DA:47,3
DA:51,3
DA:55,1
DA:56,1
DA:57,1
DA:59,1
DA:63,1
LF:28
LH:26
BRDA:21,0,0,2
BRDA:21,0,1,4
BRDA:32,1,0,0
BRDA:32,1,1,4
BRDA:43,2,0,3
BRDA:43,2,1,0
BRDA:43,3,0,3
BRDA:43,3,1,3
BRDA:55,4,0,1
BRDA:55,4,1,0
BRF:10
BRH:7
end_of_record
TN:
SF:backend/middleware/errorMiddleware.js
FN:6,(anonymous_0)
FNF:1
FNH:1
FNDA:1,(anonymous_0)
DA:6,1
DA:7,1
DA:10,1
DA:11,1
DA:12,1
DA:16,1
DA:19,1
DA:20,1
DA:23,1
DA:29,1
LF:10
LH:10
BRDA:7,0,0,1
BRDA:7,0,1,0
BRDA:11,1,0,1
BRDA:11,1,1,0
BRDA:19,2,0,1
BRDA:19,2,1,0
BRDA:19,3,0,1
BRDA:19,3,1,0
BRF:8
BRH:4
end_of_record
TN:
SF:backend/routes/api.js
FNF:0
FNH:0
DA:1,1
DA:2,1
DA:3,1
DA:4,1
DA:7,1
DA:19,1
DA:21,1
LF:7
LH:7
BRF:0
BRH:0
end_of_record
TN:
SF:backend/services/googleCloudService.js
FN:9,(anonymous_0)
FN:27,(anonymous_1)
FN:47,(anonymous_2)
FNF:3
FNH:3
FNDA:1,(anonymous_0)
FNDA:3,(anonymous_1)
FNDA:4,(anonymous_2)
DA:1,1
DA:2,1
DA:3,1
DA:6,1
DA:7,1
DA:9,1
DA:11,1
DA:12,0
DA:13,0
DA:14,0
DA:15,0
DA:17,0
DA:21,1
DA:27,1
DA:28,3
DA:29,3
DA:31,0
DA:32,0
DA:37,0
DA:39,0
DA:40,0
DA:47,1
DA:48,4
DA:49,4
DA:51,4
DA:53,0
DA:54,0
DA:55,0
DA:57,0
DA:61,1
LF:30
LH:16
BRDA:11,0,0,0
BRDA:11,0,1,1
BRDA:11,1,0,1
BRDA:11,1,1,1
BRDA:11,1,2,0
BRDA:29,2,0,3
BRDA:29,2,1,0
BRDA:47,3,0,0
BRDA:49,4,0,4
BRDA:49,4,1,0
BRF:10
BRH:5
end_of_record
